<?xml version="1.0" encoding="UTF-8"?>
<!-- Generated by org.testng.reporters.JUnitReportReporter -->
<testsuite hostname="dvorak" failures="0" tests="6" name="site.ycsb.TestUtils" time="0.165" errors="0" timestamp="7 Dec 2020 20:56:43 GMT">
  <testcase classname="site.ycsb.TestUtils" name="jvmUtils" time="0.165"/>
  <testcase classname="site.ycsb.TestUtils" name="bytesToDoubleTooShort" time="0.000"/>
  <testcase classname="site.ycsb.TestUtils" name="bytesToFromDouble" time="0.000"/>
  <testcase classname="site.ycsb.TestUtils" name="bytesToLongTooShort" time="0.000"/>
  <testcase classname="site.ycsb.TestUtils" name="bytesToLongNull" time="0.000"/>
  <testcase classname="site.ycsb.TestUtils" name="bytesToFromLong" time="0.000"/>
</testsuite>
