<?xml version="1.0" encoding="UTF-8"?>
<!-- Generated by org.testng.reporters.JUnitReportReporter -->
<testsuite hostname="dvorak" failures="0" tests="1" name="site.ycsb.generator.AcknowledgedCounterGeneratorTest" time="0.626" errors="0" timestamp="7 Dec 2020 20:56:43 GMT">
  <testcase classname="site.ycsb.generator.AcknowledgedCounterGeneratorTest" name="testIncrementPastIntegerMaxValue" time="0.626"/>
</testsuite>
